0 info it worked if it ends with ok
1 verbose cli [ 'C:\\Program Files (x86)\\nodejs\\\\node.exe',
1 verbose cli   'C:\\Program Files (x86)\\nodejs\\node_modules\\npm\\bin\\npm-cli.js',
1 verbose cli   'install' ]
2 info using npm@2.9.1
3 info using node@v0.12.3
4 verbose node symlink C:\Program Files (x86)\nodejs\\node.exe
5 verbose config Skipping project config: C:\Users\jerem_000/.npmrc. (matches userconfig)
6 verbose readDependencies loading dependencies from C:\Users\jerem_000\package.json
7 error install Couldn't read dependencies
8 verbose stack Error: ENOENT, open 'C:\Users\jerem_000\package.json'
8 verbose stack     at Error (native)
9 verbose cwd C:\Users\jerem_000\Documents\jeremybohannon.com
10 error Windows_NT 6.3.9600
11 error argv "C:\\Program Files (x86)\\nodejs\\\\node.exe" "C:\\Program Files (x86)\\nodejs\\node_modules\\npm\\bin\\npm-cli.js" "install"
12 error node v0.12.3
13 error npm  v2.9.1
14 error path C:\Users\jerem_000\package.json
15 error code ENOPACKAGEJSON
16 error errno -4058
17 error package.json ENOENT, open 'C:\Users\jerem_000\package.json'
17 error package.json This is most likely not a problem with npm itself.
17 error package.json npm can't find a package.json file in your current directory.
18 verbose exit [ -4058, true ]
